2025-05-28 00:21:14.611	[34mINFO[0m	srv/app.go:41	cfg: &options.RegisteryOptions{Address:"127.0.0.1:8501", Scheme:"http"}
2025-05-28 00:21:14.611	[34mINFO[0m	rpcserver/server.go:154	[grpc] server listening on: 127.0.0.1:8078
2025-05-28 12:50:01.652	[34mINFO[0m	rpcserver/server.go:154	[grpc] server listening on: 127.0.0.1:8078
2025-05-28 14:30:54.080	[34mINFO[0m	rpcserver/server.go:154	[grpc] server listening on: 127.0.0.1:8078
2025-05-28 14:37:27.425	[34mINFO[0m	rpcserver/server.go:154	[grpc] server listening on: 127.0.0.1:8078
2025-05-28 14:38:41.851	[34mINFO[0m	rpcserver/server.go:154	[grpc] server listening on: 127.0.0.1:8078
2025-05-28 14:38:41.874	[31mERROR[0m	app/app.go:71	register service error: Unexpected response code: 400 (Missing service name)
2025-05-28 14:38:41.874	[31mERROR[0m	srv/app.go:67	run user app error: Unexpected response code: 400 (Missing service name)
2025-05-28 14:46:43.888	[34mINFO[0m	rpcserver/server.go:154	[grpc] server listening on: 127.0.0.1:8078
2025-05-28 14:47:06.372	[31mERROR[0m	app/app.go:71	register service error: Put "http://192.168.5.52:8500/v1/agent/service/register": context deadline exceeded
2025-05-28 14:47:06.372	[31mERROR[0m	srv/app.go:68	run user app error: Put "http://192.168.5.52:8500/v1/agent/service/register": context deadline exceeded
2025-05-28 14:47:27.101	[34mINFO[0m	rpcserver/server.go:154	[grpc] server listening on: 127.0.0.1:8078
2025-05-28 14:58:30.548	[34mINFO[0m	rpcserver/server.go:158	[grpc] server listening on: 127.0.0.1:8078
2025-05-28 15:00:00.602	[34mINFO[0m	rpcserver/server.go:158	[grpc] server listening on: 127.0.0.1:8078
2025-05-28 15:02:26.706	[34mINFO[0m	rpcserver/server.go:158	[grpc] server listening on: 127.0.0.1:8078
2025-05-28 15:12:09.586	[34mINFO[0m	rpcserver/server.go:158	[grpc] server listening on: 192.168.5.52:8078
2025-05-28 16:45:05.094	[34mINFO[0m	rpcserver/server.go:158	[grpc] server listening on: 192.168.5.52:8078
2025-05-28 18:10:40.309	[34mINFO[0m	rpcserver/server.go:158	[grpc] server listening on: 192.168.5.52:8078
2025-05-28 18:14:55.691	[34mINFO[0m	rpcserver/server.go:158	[grpc] server listening on: 192.168.5.52:8078
2025-05-28 20:28:41.148	[34mINFO[0m	rpcserver/server.go:158	[grpc] server listening on: 192.168.5.52:8078
2025-05-29 16:48:31.369	[34mINFO[0m	rpcserver/server.go:158	[grpc] server listening on: 192.168.5.52:8078
2025-05-29 23:08:15.388	[34mINFO[0m	rpcserver/server.go:158	[grpc] server listening on: 192.168.5.52:8078
2025-05-29 23:48:49.022	[34mINFO[0m	rpcserver/server.go:158	[grpc] server listening on: 192.168.5.52:8078
2025-05-29 23:49:26.381	[34mINFO[0m	rpcserver/server.go:158	[grpc] server listening on: 192.168.5.52:8079
2025-05-29 23:52:50.072	[34mINFO[0m	user/list.go:22	GetUserList is called
2025-05-29 23:52:55.389	[34mINFO[0m	user/list.go:22	GetUserList is called
2025-05-29 23:53:00.396	[34mINFO[0m	user/list.go:22	GetUserList is called
2025-05-29 23:55:07.045	[34mINFO[0m	user/list.go:22	GetUserList is called
2025-05-29 23:55:12.051	[34mINFO[0m	user/list.go:22	GetUserList is called
2025-05-29 23:55:17.055	[34mINFO[0m	user/list.go:22	GetUserList is called
2025-05-29 23:55:22.058	[34mINFO[0m	user/list.go:22	GetUserList is called
2025-05-29 23:55:27.063	[34mINFO[0m	user/list.go:22	GetUserList is called
2025-05-29 23:55:32.067	[34mINFO[0m	user/list.go:22	GetUserList is called
2025-05-29 23:55:37.072	[34mINFO[0m	user/list.go:22	GetUserList is called
2025-05-29 23:55:42.074	[34mINFO[0m	user/list.go:22	GetUserList is called
2025-05-29 23:55:47.081	[34mINFO[0m	user/list.go:22	GetUserList is called
2025-05-29 23:55:52.082	[34mINFO[0m	user/list.go:22	GetUserList is called
2025-05-29 23:55:57.084	[34mINFO[0m	user/list.go:22	GetUserList is called
2025-05-29 23:56:02.085	[34mINFO[0m	user/list.go:22	GetUserList is called
2025-05-29 23:58:00.508	[34mINFO[0m	user/list.go:22	GetUserList is called
2025-05-29 23:58:05.514	[34mINFO[0m	user/list.go:22	GetUserList is called
2025-05-29 23:58:10.517	[34mINFO[0m	user/list.go:22	GetUserList is called
2025-05-29 23:58:15.523	[34mINFO[0m	user/list.go:22	GetUserList is called
2025-05-29 23:58:20.525	[34mINFO[0m	user/list.go:22	GetUserList is called
2025-05-29 23:58:25.531	[34mINFO[0m	user/list.go:22	GetUserList is called
2025-05-29 23:58:30.533	[34mINFO[0m	user/list.go:22	GetUserList is called
2025-05-29 23:58:35.538	[34mINFO[0m	user/list.go:22	GetUserList is called
2025-05-29 23:58:40.544	[34mINFO[0m	user/list.go:22	GetUserList is called
2025-05-29 23:58:45.549	[34mINFO[0m	user/list.go:22	GetUserList is called
2025-05-29 23:58:50.556	[34mINFO[0m	user/list.go:22	GetUserList is called
2025-05-29 23:58:55.559	[34mINFO[0m	user/list.go:22	GetUserList is called
2025-05-29 23:59:00.562	[34mINFO[0m	user/list.go:22	GetUserList is called
2025-05-29 23:59:05.565	[34mINFO[0m	user/list.go:22	GetUserList is called
2025-05-29 23:59:10.572	[34mINFO[0m	user/list.go:22	GetUserList is called
2025-05-29 23:59:15.574	[34mINFO[0m	user/list.go:22	GetUserList is called
2025-05-29 23:59:20.579	[34mINFO[0m	user/list.go:22	GetUserList is called
2025-05-29 23:59:25.580	[34mINFO[0m	user/list.go:22	GetUserList is called
2025-05-29 23:59:30.583	[34mINFO[0m	user/list.go:22	GetUserList is called
2025-05-29 23:59:35.589	[34mINFO[0m	user/list.go:22	GetUserList is called
2025-05-29 23:59:40.593	[34mINFO[0m	user/list.go:22	GetUserList is called
2025-06-09 17:26:31.135	[31mFATAL[0m	srv/rpc.go:27	Init db error
github.com/WeiXinao/daily_your_go/app/user/srv.NewUserRPCServer
	/root/repos/github.com/WeiXinao/daily_your_go/app/user/srv/rpc.go:27
github.com/WeiXinao/daily_your_go/app/user/srv.NewUserApp
	/root/repos/github.com/WeiXinao/daily_your_go/app/user/srv/app.go:44
github.com/WeiXinao/daily_your_go/app/user/srv.run.func1
	/root/repos/github.com/WeiXinao/daily_your_go/app/user/srv/app.go:61
github.com/WeiXinao/daily_your_go/pkg/app.(*App).runCommand
	/root/repos/github.com/WeiXinao/daily_your_go/pkg/app/app.go:276
github.com/spf13/cobra.(*Command).execute
	/root/go/pkg/mod/github.com/spf13/cobra@v1.9.1/command.go:1015
github.com/spf13/cobra.(*Command).ExecuteC
	/root/go/pkg/mod/github.com/spf13/cobra@v1.9.1/command.go:1148
github.com/spf13/cobra.(*Command).Execute
	/root/go/pkg/mod/github.com/spf13/cobra@v1.9.1/command.go:1071
github.com/WeiXinao/daily_your_go/pkg/app.(*App).Run
	/root/repos/github.com/WeiXinao/daily_your_go/pkg/app/app.go:231
main.main
	/root/repos/github.com/WeiXinao/daily_your_go/cmd/user/user.go:15
runtime.main
	/root/.g/go/src/runtime/proc.go:272
2025-06-09 17:29:02.721	[34mINFO[0m	app/app.go:101	start server
2025-06-09 17:29:02.721	[34mINFO[0m	rpcserver/server.go:177	[grpc] server listening on: 192.168.5.52:8079
2025-06-09 17:29:04.758	[31mERROR[0m	app/app.go:114	register service error: Unexpected response code: 502 ()
2025-06-09 17:29:04.758	[31mERROR[0m	srv/app.go:68	run user app error: Unexpected response code: 502 ()
2025-06-09 17:29:31.769	[34mINFO[0m	app/app.go:101	start server
2025-06-09 17:29:31.769	[34mINFO[0m	rpcserver/server.go:177	[grpc] server listening on: 192.168.5.52:8079
2025-06-09 17:42:01.528	[34mINFO[0m	app/app.go:102	start server
2025-06-09 17:42:01.528	[34mINFO[0m	rpcserver/server.go:177	[grpc] server listening on: 192.168.5.52:8079
2025-06-09 18:03:52.096	[34mINFO[0m	user/get_user_list.go:17	GetUserList is called
2025-06-09 18:03:52.112	[34mINFO[0m	gorm@v1.30.0/callbacks.go:134	/root/repos/github.com/WeiXinao/daily_your_go/app/user/srv/data/v1/db/user.go:114
[15.884ms] [rows:1] SELECT count(*) FROM `user` WHERE `user`.`deleted_at` IS NULL
2025-06-09 18:03:52.116	[34mINFO[0m	gorm@v1.30.0/callbacks.go:134	/root/repos/github.com/WeiXinao/daily_your_go/app/user/srv/data/v1/db/user.go:115
[3.380ms] [rows:10] SELECT * FROM `user` WHERE `user`.`deleted_at` IS NULL LIMIT 10
2025-06-09 18:03:57.121	[34mINFO[0m	user/get_user_list.go:17	GetUserList is called
2025-06-09 18:03:57.122	[34mINFO[0m	gorm@v1.30.0/callbacks.go:134	/root/repos/github.com/WeiXinao/daily_your_go/app/user/srv/data/v1/db/user.go:114
[0.912ms] [rows:1] SELECT count(*) FROM `user` WHERE `user`.`deleted_at` IS NULL
2025-06-09 18:03:57.124	[34mINFO[0m	gorm@v1.30.0/callbacks.go:134	/root/repos/github.com/WeiXinao/daily_your_go/app/user/srv/data/v1/db/user.go:115
[1.385ms] [rows:10] SELECT * FROM `user` WHERE `user`.`deleted_at` IS NULL LIMIT 10
2025-06-09 18:03:58.994	[31mERROR[0m	trace/agent.go:81	[otel] err failed to upload traces; HTTP status code: 502
2025-06-09 18:04:02.130	[34mINFO[0m	user/get_user_list.go:17	GetUserList is called
2025-06-09 18:04:02.133	[34mINFO[0m	gorm@v1.30.0/callbacks.go:134	/root/repos/github.com/WeiXinao/daily_your_go/app/user/srv/data/v1/db/user.go:114
[2.940ms] [rows:1] SELECT count(*) FROM `user` WHERE `user`.`deleted_at` IS NULL
2025-06-09 18:04:02.135	[34mINFO[0m	gorm@v1.30.0/callbacks.go:134	/root/repos/github.com/WeiXinao/daily_your_go/app/user/srv/data/v1/db/user.go:115
[1.194ms] [rows:10] SELECT * FROM `user` WHERE `user`.`deleted_at` IS NULL LIMIT 10
2025-06-09 18:04:04.003	[31mERROR[0m	trace/agent.go:81	[otel] err failed to upload traces; HTTP status code: 502
2025-06-09 18:04:07.139	[34mINFO[0m	user/get_user_list.go:17	GetUserList is called
2025-06-09 18:04:07.140	[34mINFO[0m	gorm@v1.30.0/callbacks.go:134	/root/repos/github.com/WeiXinao/daily_your_go/app/user/srv/data/v1/db/user.go:114
[0.957ms] [rows:1] SELECT count(*) FROM `user` WHERE `user`.`deleted_at` IS NULL
2025-06-09 18:04:07.142	[34mINFO[0m	gorm@v1.30.0/callbacks.go:134	/root/repos/github.com/WeiXinao/daily_your_go/app/user/srv/data/v1/db/user.go:115
[1.234ms] [rows:10] SELECT * FROM `user` WHERE `user`.`deleted_at` IS NULL LIMIT 10
2025-06-09 18:04:09.028	[31mERROR[0m	trace/agent.go:81	[otel] err failed to upload traces; HTTP status code: 502
2025-06-09 18:04:12.144	[34mINFO[0m	user/get_user_list.go:17	GetUserList is called
2025-06-09 18:04:12.147	[34mINFO[0m	gorm@v1.30.0/callbacks.go:134	/root/repos/github.com/WeiXinao/daily_your_go/app/user/srv/data/v1/db/user.go:114
[2.768ms] [rows:1] SELECT count(*) FROM `user` WHERE `user`.`deleted_at` IS NULL
2025-06-09 18:04:12.149	[34mINFO[0m	gorm@v1.30.0/callbacks.go:134	/root/repos/github.com/WeiXinao/daily_your_go/app/user/srv/data/v1/db/user.go:115
[1.891ms] [rows:10] SELECT * FROM `user` WHERE `user`.`deleted_at` IS NULL LIMIT 10
2025-06-09 18:04:13.998	[31mERROR[0m	trace/agent.go:81	[otel] err failed to upload traces; HTTP status code: 502
2025-06-09 18:04:19.033	[31mERROR[0m	trace/agent.go:81	[otel] err failed to upload traces; HTTP status code: 502
2025-06-10 20:22:49.484	[34mINFO[0m	app/app.go:102	start server
2025-06-10 20:22:49.486	[34mINFO[0m	rpcserver/server.go:177	[grpc] server listening on: 192.168.5.52:8079
2025-06-10 20:22:54.172	[34mINFO[0m	user/get_user_by_mobile.go:13	get user by mobile function called.
2025-06-10 20:22:54.201	[34mINFO[0m	gorm@v1.30.0/callbacks.go:134	/root/repos/github.com/WeiXinao/daily_your_go/app/user/srv/internal/data/v1/db/user.go:65 record not found
[28.110ms] [rows:0] SELECT * FROM `user` WHERE mobile = '13222223210' AND `user`.`deleted_at` IS NULL ORDER BY `user`.`id` LIMIT 1
2025-06-10 20:22:54.201	[31mERROR[0m	user/get_user_by_mobile.go:16	get user by mobile: 132****3210, error: User not found
2025-06-10 20:22:56.482	[31mERROR[0m	trace/agent.go:81	[otel] err failed to upload traces; HTTP status code: 502
2025-06-10 20:27:06.386	[34mINFO[0m	app/app.go:150	start deregister service
2025-06-10 20:27:06.397	[34mINFO[0m	app/app.go:161	start cancel context
2025-06-10 20:27:06.399	[34mINFO[0m	rpcserver/server.go:186	[grpc] server stopped
2025-06-10 20:27:10.021	[34mINFO[0m	app/app.go:102	start server
2025-06-10 20:27:10.021	[34mINFO[0m	rpcserver/server.go:177	[grpc] server listening on: 192.168.5.52:8079
2025-06-10 20:29:10.039	[31mERROR[0m	consul/client.go:257	[Consul] update ttl heartbeat to consul failed! err=Unexpected response code: 429 (Your IP is issuing too many concurrent connections, please rate limit your calls)
2025-06-10 20:29:14.049	[31mERROR[0m	consul/client.go:264	[Consul] re registry service failed!, err=Unexpected response code: 429 (Your IP is issuing too many concurrent connections, please rate limit your calls)
2025-06-10 20:29:20.039	[31mERROR[0m	consul/client.go:257	[Consul] update ttl heartbeat to consul failed! err=Unexpected response code: 429 (Your IP is issuing too many concurrent connections, please rate limit your calls)
2025-06-10 20:29:20.043	[31mERROR[0m	consul/client.go:264	[Consul] re registry service failed!, err=Unexpected response code: 429 (Your IP is issuing too many concurrent connections, please rate limit your calls)
2025-06-10 20:29:30.039	[31mERROR[0m	consul/client.go:257	[Consul] update ttl heartbeat to consul failed! err=Unexpected response code: 429 (Your IP is issuing too many concurrent connections, please rate limit your calls)
2025-06-10 20:29:34.043	[31mERROR[0m	consul/client.go:264	[Consul] re registry service failed!, err=Unexpected response code: 429 (Your IP is issuing too many concurrent connections, please rate limit your calls)
2025-06-10 20:29:40.040	[31mERROR[0m	consul/client.go:257	[Consul] update ttl heartbeat to consul failed! err=Unexpected response code: 429 (Your IP is issuing too many concurrent connections, please rate limit your calls)
2025-06-10 20:29:41.048	[31mERROR[0m	consul/client.go:264	[Consul] re registry service failed!, err=Unexpected response code: 429 (Your IP is issuing too many concurrent connections, please rate limit your calls)
2025-06-10 20:29:50.038	[31mERROR[0m	consul/client.go:257	[Consul] update ttl heartbeat to consul failed! err=Unexpected response code: 429 (Your IP is issuing too many concurrent connections, please rate limit your calls)
2025-06-10 20:29:52.042	[31mERROR[0m	consul/client.go:264	[Consul] re registry service failed!, err=Unexpected response code: 429 (Your IP is issuing too many concurrent connections, please rate limit your calls)
2025-06-10 20:30:00.040	[31mERROR[0m	consul/client.go:257	[Consul] update ttl heartbeat to consul failed! err=Unexpected response code: 429 (Your IP is issuing too many concurrent connections, please rate limit your calls)
2025-06-10 20:30:02.044	[31mERROR[0m	consul/client.go:264	[Consul] re registry service failed!, err=Unexpected response code: 429 (Your IP is issuing too many concurrent connections, please rate limit your calls)
2025-06-10 20:30:10.040	[31mERROR[0m	consul/client.go:257	[Consul] update ttl heartbeat to consul failed! err=Unexpected response code: 429 (Your IP is issuing too many concurrent connections, please rate limit your calls)
2025-06-10 20:30:10.571	[34mINFO[0m	user/get_user_by_mobile.go:13	get user by mobile function called.
2025-06-10 20:30:10.583	[34mINFO[0m	gorm@v1.30.0/callbacks.go:134	/root/repos/github.com/WeiXinao/daily_your_go/app/user/srv/internal/data/v1/db/user.go:65 record not found
[11.618ms] [rows:0] SELECT * FROM `user` WHERE mobile = '13222223210' AND `user`.`deleted_at` IS NULL ORDER BY `user`.`id` LIMIT 1
2025-06-10 20:30:10.584	[31mERROR[0m	user/get_user_by_mobile.go:16	get user by mobile: 132****3210, error: User not found
2025-06-10 20:30:13.046	[31mERROR[0m	consul/client.go:264	[Consul] re registry service failed!, err=Unexpected response code: 429 (Your IP is issuing too many concurrent connections, please rate limit your calls)
2025-06-10 20:30:20.040	[31mERROR[0m	consul/client.go:257	[Consul] update ttl heartbeat to consul failed! err=Unexpected response code: 429 (Your IP is issuing too many concurrent connections, please rate limit your calls)
2025-06-10 20:30:24.044	[31mERROR[0m	consul/client.go:264	[Consul] re registry service failed!, err=Unexpected response code: 429 (Your IP is issuing too many concurrent connections, please rate limit your calls)
2025-06-10 20:30:30.039	[31mERROR[0m	consul/client.go:257	[Consul] update ttl heartbeat to consul failed! err=Unexpected response code: 429 (Your IP is issuing too many concurrent connections, please rate limit your calls)
2025-06-10 20:30:30.042	[31mERROR[0m	consul/client.go:264	[Consul] re registry service failed!, err=Unexpected response code: 429 (Your IP is issuing too many concurrent connections, please rate limit your calls)
2025-06-10 20:30:40.039	[31mERROR[0m	consul/client.go:257	[Consul] update ttl heartbeat to consul failed! err=Unexpected response code: 429 (Your IP is issuing too many concurrent connections, please rate limit your calls)
2025-06-10 20:30:43.044	[31mERROR[0m	consul/client.go:264	[Consul] re registry service failed!, err=Unexpected response code: 429 (Your IP is issuing too many concurrent connections, please rate limit your calls)
2025-06-10 20:30:50.040	[31mERROR[0m	consul/client.go:257	[Consul] update ttl heartbeat to consul failed! err=Unexpected response code: 429 (Your IP is issuing too many concurrent connections, please rate limit your calls)
2025-06-10 20:30:50.043	[31mERROR[0m	consul/client.go:264	[Consul] re registry service failed!, err=Unexpected response code: 429 (Your IP is issuing too many concurrent connections, please rate limit your calls)
2025-06-10 20:31:00.039	[31mERROR[0m	consul/client.go:257	[Consul] update ttl heartbeat to consul failed! err=Unexpected response code: 429 (Your IP is issuing too many concurrent connections, please rate limit your calls)
2025-06-10 20:31:01.043	[31mERROR[0m	consul/client.go:264	[Consul] re registry service failed!, err=Unexpected response code: 429 (Your IP is issuing too many concurrent connections, please rate limit your calls)
2025-06-10 20:31:10.038	[31mERROR[0m	consul/client.go:257	[Consul] update ttl heartbeat to consul failed! err=Unexpected response code: 429 (Your IP is issuing too many concurrent connections, please rate limit your calls)
2025-06-10 20:31:13.043	[31mERROR[0m	consul/client.go:264	[Consul] re registry service failed!, err=Unexpected response code: 429 (Your IP is issuing too many concurrent connections, please rate limit your calls)
2025-06-10 20:31:20.040	[31mERROR[0m	consul/client.go:257	[Consul] update ttl heartbeat to consul failed! err=Unexpected response code: 429 (Your IP is issuing too many concurrent connections, please rate limit your calls)
2025-06-10 20:31:23.046	[31mERROR[0m	consul/client.go:264	[Consul] re registry service failed!, err=Unexpected response code: 429 (Your IP is issuing too many concurrent connections, please rate limit your calls)
2025-06-10 20:31:30.039	[31mERROR[0m	consul/client.go:257	[Consul] update ttl heartbeat to consul failed! err=Unexpected response code: 429 (Your IP is issuing too many concurrent connections, please rate limit your calls)
2025-06-10 20:31:32.045	[31mERROR[0m	consul/client.go:264	[Consul] re registry service failed!, err=Unexpected response code: 429 (Your IP is issuing too many concurrent connections, please rate limit your calls)
2025-06-10 20:31:40.038	[31mERROR[0m	consul/client.go:257	[Consul] update ttl heartbeat to consul failed! err=Unexpected response code: 429 (Your IP is issuing too many concurrent connections, please rate limit your calls)
2025-06-10 20:31:42.042	[31mERROR[0m	consul/client.go:264	[Consul] re registry service failed!, err=Unexpected response code: 429 (Your IP is issuing too many concurrent connections, please rate limit your calls)
2025-06-10 20:31:47.233	[34mINFO[0m	app/app.go:150	start deregister service
2025-06-10 20:31:47.238	[31mERROR[0m	app/app.go:155	deregister service error: Unexpected response code: 429 (Your IP is issuing too many concurrent connections, please rate limit your calls)
2025-06-10 20:31:47.239	[34mINFO[0m	rpcserver/server.go:186	[grpc] server stopped
2025-06-10 20:31:47.240	[31mERROR[0m	srv/app.go:68	run user app error: Unexpected response code: 429 (Your IP is issuing too many concurrent connections, please rate limit your calls)
2025-06-10 20:31:54.112	[34mINFO[0m	app/app.go:102	start server
2025-06-10 20:31:54.112	[34mINFO[0m	rpcserver/server.go:177	[grpc] server listening on: 192.168.5.52:8079
2025-06-10 20:31:54.117	[31mERROR[0m	app/app.go:115	register service error: Unexpected response code: 429 (Your IP is issuing too many concurrent connections, please rate limit your calls)
2025-06-10 20:31:54.117	[31mERROR[0m	srv/app.go:68	run user app error: Unexpected response code: 429 (Your IP is issuing too many concurrent connections, please rate limit your calls)
2025-06-10 20:33:42.989	[34mINFO[0m	app/app.go:102	start server
2025-06-10 20:33:42.989	[34mINFO[0m	rpcserver/server.go:177	[grpc] server listening on: 192.168.5.52:8079
2025-06-10 20:35:28.622	[34mINFO[0m	user/get_user_by_mobile.go:13	get user by mobile function called.
2025-06-10 20:35:28.629	[34mINFO[0m	gorm@v1.30.0/callbacks.go:134	/root/repos/github.com/WeiXinao/daily_your_go/app/user/srv/internal/data/v1/db/user.go:65
[6.614ms] [rows:1] SELECT * FROM `user` WHERE mobile = '18971423540' AND `user`.`deleted_at` IS NULL ORDER BY `user`.`id` LIMIT 1
2025-06-10 21:49:48.991	[34mINFO[0m	app/app.go:102	start server
2025-06-10 21:49:48.991	[34mINFO[0m	rpcserver/server.go:177	[grpc] server listening on: 192.168.5.52:8079
2025-06-10 22:01:09.041	[31mERROR[0m	consul/client.go:257	[Consul] update ttl heartbeat to consul failed! err=Unexpected response code: 429 (Your IP is issuing too many concurrent connections, please rate limit your calls)
2025-06-10 22:01:10.048	[31mERROR[0m	consul/client.go:264	[Consul] re registry service failed!, err=Unexpected response code: 429 (Your IP is issuing too many concurrent connections, please rate limit your calls)
2025-06-10 22:01:19.043	[31mERROR[0m	consul/client.go:257	[Consul] update ttl heartbeat to consul failed! err=Unexpected response code: 429 (Your IP is issuing too many concurrent connections, please rate limit your calls)
2025-06-10 22:01:22.046	[31mERROR[0m	consul/client.go:264	[Consul] re registry service failed!, err=Unexpected response code: 429 (Your IP is issuing too many concurrent connections, please rate limit your calls)
2025-06-10 22:01:29.044	[31mERROR[0m	consul/client.go:257	[Consul] update ttl heartbeat to consul failed! err=Unexpected response code: 429 (Your IP is issuing too many concurrent connections, please rate limit your calls)
2025-06-10 22:01:29.049	[31mERROR[0m	consul/client.go:264	[Consul] re registry service failed!, err=Unexpected response code: 429 (Your IP is issuing too many concurrent connections, please rate limit your calls)
2025-06-10 22:01:39.041	[31mERROR[0m	consul/client.go:257	[Consul] update ttl heartbeat to consul failed! err=Unexpected response code: 429 (Your IP is issuing too many concurrent connections, please rate limit your calls)
2025-06-10 22:01:41.047	[31mERROR[0m	consul/client.go:264	[Consul] re registry service failed!, err=Unexpected response code: 429 (Your IP is issuing too many concurrent connections, please rate limit your calls)
2025-06-10 22:01:49.046	[31mERROR[0m	consul/client.go:257	[Consul] update ttl heartbeat to consul failed! err=Unexpected response code: 429 (Your IP is issuing too many concurrent connections, please rate limit your calls)
2025-06-10 22:01:51.050	[31mERROR[0m	consul/client.go:264	[Consul] re registry service failed!, err=Unexpected response code: 429 (Your IP is issuing too many concurrent connections, please rate limit your calls)
2025-06-10 22:01:59.044	[31mERROR[0m	consul/client.go:257	[Consul] update ttl heartbeat to consul failed! err=Unexpected response code: 429 (Your IP is issuing too many concurrent connections, please rate limit your calls)
2025-06-10 22:02:01.049	[31mERROR[0m	consul/client.go:264	[Consul] re registry service failed!, err=Unexpected response code: 429 (Your IP is issuing too many concurrent connections, please rate limit your calls)
2025-06-10 22:02:09.044	[31mERROR[0m	consul/client.go:257	[Consul] update ttl heartbeat to consul failed! err=Unexpected response code: 429 (Your IP is issuing too many concurrent connections, please rate limit your calls)
2025-06-10 22:02:12.048	[31mERROR[0m	consul/client.go:264	[Consul] re registry service failed!, err=Unexpected response code: 429 (Your IP is issuing too many concurrent connections, please rate limit your calls)
2025-06-10 22:02:19.044	[31mERROR[0m	consul/client.go:257	[Consul] update ttl heartbeat to consul failed! err=Unexpected response code: 429 (Your IP is issuing too many concurrent connections, please rate limit your calls)
2025-06-10 22:02:22.050	[31mERROR[0m	consul/client.go:264	[Consul] re registry service failed!, err=Unexpected response code: 429 (Your IP is issuing too many concurrent connections, please rate limit your calls)
2025-06-10 22:02:29.046	[31mERROR[0m	consul/client.go:257	[Consul] update ttl heartbeat to consul failed! err=Unexpected response code: 429 (Your IP is issuing too many concurrent connections, please rate limit your calls)
2025-06-10 22:02:31.052	[31mERROR[0m	consul/client.go:264	[Consul] re registry service failed!, err=Unexpected response code: 429 (Your IP is issuing too many concurrent connections, please rate limit your calls)
2025-06-10 22:02:39.045	[31mERROR[0m	consul/client.go:257	[Consul] update ttl heartbeat to consul failed! err=Unexpected response code: 429 (Your IP is issuing too many concurrent connections, please rate limit your calls)
2025-06-10 22:02:43.053	[31mERROR[0m	consul/client.go:264	[Consul] re registry service failed!, err=Unexpected response code: 429 (Your IP is issuing too many concurrent connections, please rate limit your calls)
2025-06-10 22:02:49.045	[31mERROR[0m	consul/client.go:257	[Consul] update ttl heartbeat to consul failed! err=Unexpected response code: 429 (Your IP is issuing too many concurrent connections, please rate limit your calls)
2025-06-10 22:02:53.050	[31mERROR[0m	consul/client.go:264	[Consul] re registry service failed!, err=Unexpected response code: 429 (Your IP is issuing too many concurrent connections, please rate limit your calls)
2025-06-10 22:02:59.045	[31mERROR[0m	consul/client.go:257	[Consul] update ttl heartbeat to consul failed! err=Unexpected response code: 429 (Your IP is issuing too many concurrent connections, please rate limit your calls)
2025-06-10 22:03:00.049	[31mERROR[0m	consul/client.go:264	[Consul] re registry service failed!, err=Unexpected response code: 429 (Your IP is issuing too many concurrent connections, please rate limit your calls)
2025-06-10 22:03:09.046	[31mERROR[0m	consul/client.go:257	[Consul] update ttl heartbeat to consul failed! err=Unexpected response code: 429 (Your IP is issuing too many concurrent connections, please rate limit your calls)
2025-06-10 22:03:10.049	[31mERROR[0m	consul/client.go:264	[Consul] re registry service failed!, err=Unexpected response code: 429 (Your IP is issuing too many concurrent connections, please rate limit your calls)
2025-06-10 22:03:19.043	[31mERROR[0m	consul/client.go:257	[Consul] update ttl heartbeat to consul failed! err=Unexpected response code: 429 (Your IP is issuing too many concurrent connections, please rate limit your calls)
2025-06-10 22:03:23.047	[31mERROR[0m	consul/client.go:264	[Consul] re registry service failed!, err=Unexpected response code: 429 (Your IP is issuing too many concurrent connections, please rate limit your calls)
2025-06-10 22:03:29.047	[31mERROR[0m	consul/client.go:257	[Consul] update ttl heartbeat to consul failed! err=Unexpected response code: 429 (Your IP is issuing too many concurrent connections, please rate limit your calls)
2025-06-10 22:03:33.051	[31mERROR[0m	consul/client.go:264	[Consul] re registry service failed!, err=Unexpected response code: 429 (Your IP is issuing too many concurrent connections, please rate limit your calls)
2025-06-10 22:03:39.046	[31mERROR[0m	consul/client.go:257	[Consul] update ttl heartbeat to consul failed! err=Unexpected response code: 429 (Your IP is issuing too many concurrent connections, please rate limit your calls)
2025-06-10 22:03:42.051	[31mERROR[0m	consul/client.go:264	[Consul] re registry service failed!, err=Unexpected response code: 429 (Your IP is issuing too many concurrent connections, please rate limit your calls)
2025-06-10 22:03:49.045	[31mERROR[0m	consul/client.go:257	[Consul] update ttl heartbeat to consul failed! err=Unexpected response code: 429 (Your IP is issuing too many concurrent connections, please rate limit your calls)
2025-06-10 22:03:49.048	[31mERROR[0m	consul/client.go:264	[Consul] re registry service failed!, err=Unexpected response code: 429 (Your IP is issuing too many concurrent connections, please rate limit your calls)
2025-06-10 22:03:49.174	[34mINFO[0m	app/app.go:150	start deregister service
2025-06-10 22:03:49.181	[31mERROR[0m	app/app.go:155	deregister service error: Unexpected response code: 429 (Your IP is issuing too many concurrent connections, please rate limit your calls)
2025-06-10 22:03:49.182	[34mINFO[0m	rpcserver/server.go:186	[grpc] server stopped
2025-06-10 22:03:49.182	[31mERROR[0m	srv/app.go:68	run user app error: Unexpected response code: 429 (Your IP is issuing too many concurrent connections, please rate limit your calls)
2025-06-10 22:04:49.277	[34mINFO[0m	app/app.go:102	start server
2025-06-10 22:04:49.277	[34mINFO[0m	rpcserver/server.go:177	[grpc] server listening on: 192.168.5.52:8079
