2025-06-22 16:36:48.066	[34mINFO[0m	app/app.go:102	start server
2025-06-22 16:36:48.067	[34mINFO[0m	rpcserver/server.go:177	[grpc] server listening on: 192.168.5.52:8019
2025-06-22 17:04:19.398	[34mINFO[0m	app/app.go:150	start deregister service
2025-06-22 17:04:19.424	[34mINFO[0m	app/app.go:161	start cancel context
2025-06-22 17:04:19.431	[34mINFO[0m	rpcserver/server.go:186	[grpc] server stopped
2025-06-22 17:04:24.535	[34mINFO[0m	discovery/resolver.go:81	[resolver] update instances: [{"id":"d872fe54-4f44-11f0-8854-98fa9b935ca7","name":"daily-your-go-goods-srv","version":"","metadata":null,"endpoints":["grpc://192.168.5.52:8017"]}]
2025-06-22 17:04:24.537	[34mINFO[0m	discovery/resolver.go:81	[resolver] update instances: [{"id":"f2f8505e-4f44-11f0-be24-98fa9b935ca7","name":"daily-your-go-inventory-srv","version":"","metadata":null,"endpoints":["grpc://192.168.5.52:8018"]}]
2025-06-22 17:04:24.548	[34mINFO[0m	app/app.go:102	start server
2025-06-22 17:04:24.548	[34mINFO[0m	rpcserver/server.go:177	[grpc] server listening on: 192.168.5.52:8019
2025-06-22 17:07:01.899	[34mINFO[0m	gormx/gmicro_logger.go:101	/root/repos/github.com/WeiXinao/daily_your_go/app/order/srv/internel/data/v1/db/shop_cart.go:106
[38.526ms] [rows:0] SELECT * FROM `shoppingcart` WHERE user = 1 AND checked = true AND `shoppingcart`.`deleted_at` IS NULL
2025-06-22 17:07:01.902	[34mINFO[0m	gormx/gmicro_logger.go:101	/root/repos/github.com/WeiXinao/daily_your_go/app/order/srv/internel/data/v1/db/shop_cart.go:106
[1.406ms] [rows:1] SELECT count(*) FROM `shoppingcart` WHERE user = 1 AND checked = true AND `shoppingcart`.`deleted_at` IS NULL
2025-06-22 17:07:01.902	[31mERROR[0m	v1/order.go:138	è´­ç‰©è½¦ä¸­æ²¡æœ‰å•†å“ï¼Œæ— æ³•ä¸‹å•
2025-06-22 17:07:01.902	[31mERROR[0m	v1/order.go:98	æ–°å»ºè®¢å•å¤±è´¥: An internal server error occurred
2025-06-22 17:14:50.274	[34mINFO[0m	gormx/gmicro_logger.go:101	/root/repos/github.com/WeiXinao/daily_your_go/app/order/srv/internel/data/v1/db/shop_cart.go:106
[4.257ms] [rows:3] SELECT * FROM `shoppingcart` WHERE user = 1 AND checked = true AND `shoppingcart`.`deleted_at` IS NULL
2025-06-22 17:14:50.275	[34mINFO[0m	gormx/gmicro_logger.go:101	/root/repos/github.com/WeiXinao/daily_your_go/app/order/srv/internel/data/v1/db/shop_cart.go:106
[1.026ms] [rows:1] SELECT count(*) FROM `shoppingcart` WHERE user = 1 AND checked = true AND `shoppingcart`.`deleted_at` IS NULL
2025-06-22 17:14:50.279	[31mERROR[0m	v1/order.go:98	æ–°å»ºè®¢å•å¤±è´¥: An internal server error occurred
2025-06-22 17:20:04.062	[34mINFO[0m	app/app.go:150	start deregister service
2025-06-22 17:20:04.065	[34mINFO[0m	app/app.go:161	start cancel context
2025-06-22 17:20:04.065	[34mINFO[0m	rpcserver/server.go:186	[grpc] server stopped
2025-06-22 17:20:26.955	[34mINFO[0m	discovery/resolver.go:81	[resolver] update instances: [{"id":"d872fe54-4f44-11f0-8854-98fa9b935ca7","name":"daily-your-go-goods-srv","version":"","metadata":null,"endpoints":["grpc://192.168.5.52:8017"]}]
2025-06-22 17:20:26.959	[34mINFO[0m	discovery/resolver.go:81	[resolver] update instances: [{"id":"f2f8505e-4f44-11f0-be24-98fa9b935ca7","name":"daily-your-go-inventory-srv","version":"","metadata":null,"endpoints":["grpc://192.168.5.52:8018"]}]
2025-06-22 17:20:26.979	[34mINFO[0m	app/app.go:102	start server
2025-06-22 17:20:26.980	[34mINFO[0m	rpcserver/server.go:177	[grpc] server listening on: 192.168.5.52:8019
2025-06-22 17:20:43.633	[34mINFO[0m	gormx/gmicro_logger.go:101	/root/repos/github.com/WeiXinao/daily_your_go/app/order/srv/internel/data/v1/db/shop_cart.go:105
[5.878ms] [rows:3] SELECT * FROM `shoppingcart` WHERE user = 1 AND checked = true AND `shoppingcart`.`deleted_at` IS NULL
2025-06-22 17:20:43.636	[34mINFO[0m	gormx/gmicro_logger.go:101	/root/repos/github.com/WeiXinao/daily_your_go/app/order/srv/internel/data/v1/db/shop_cart.go:105
[1.977ms] [rows:1] SELECT count(*) FROM `shoppingcart` WHERE user = 1 AND checked = true AND `shoppingcart`.`deleted_at` IS NULL
2025-06-22 17:21:35.297	[34mINFO[0m	discovery/resolver.go:81	[resolver] update instances: [{"id":"d872fe54-4f44-11f0-8854-98fa9b935ca7","name":"daily-your-go-goods-srv","version":"","metadata":null,"endpoints":["grpc://192.168.5.52:8017"]}]
2025-06-22 17:21:35.300	[34mINFO[0m	discovery/resolver.go:81	[resolver] update instances: [{"id":"f2f8505e-4f44-11f0-be24-98fa9b935ca7","name":"daily-your-go-inventory-srv","version":"","metadata":null,"endpoints":["grpc://192.168.5.52:8018"]}]
2025-06-22 17:21:35.320	[34mINFO[0m	app/app.go:102	start server
2025-06-22 17:21:35.320	[34mINFO[0m	rpcserver/server.go:177	[grpc] server listening on: 192.168.5.52:8019
2025-06-22 17:21:47.167	[34mINFO[0m	gormx/gmicro_logger.go:101	/root/repos/github.com/WeiXinao/daily_your_go/app/order/srv/internel/data/v1/db/shop_cart.go:105
[4.271ms] [rows:3] SELECT * FROM `shoppingcart` WHERE user = 1 AND checked = true AND `shoppingcart`.`deleted_at` IS NULL
2025-06-22 17:21:47.168	[34mINFO[0m	gormx/gmicro_logger.go:101	/root/repos/github.com/WeiXinao/daily_your_go/app/order/srv/internel/data/v1/db/shop_cart.go:105
[0.905ms] [rows:1] SELECT count(*) FROM `shoppingcart` WHERE user = 1 AND checked = true AND `shoppingcart`.`deleted_at` IS NULL
2025-06-22 17:21:57.108	[31mERROR[0m	v1/order.go:99	æ–°å»ºè®¢å•å¤±è´¥: An internal server error occurred
2025-06-22 17:23:47.202	[34mINFO[0m	discovery/resolver.go:81	[resolver] update instances: [{"id":"f2f8505e-4f44-11f0-be24-98fa9b935ca7","name":"daily-your-go-inventory-srv","version":"","metadata":null,"endpoints":["grpc://192.168.5.52:8018"]}]
2025-06-22 17:23:47.222	[34mINFO[0m	app/app.go:102	start server
2025-06-22 17:23:47.223	[34mINFO[0m	rpcserver/server.go:177	[grpc] server listening on: 192.168.5.52:8019
2025-06-22 17:23:56.819	[34mINFO[0m	gormx/gmicro_logger.go:101	/root/repos/github.com/WeiXinao/daily_your_go/app/order/srv/internel/data/v1/db/shop_cart.go:105
[1.788ms] [rows:3] SELECT * FROM `shoppingcart` WHERE user = 1 AND checked = true AND `shoppingcart`.`deleted_at` IS NULL
2025-06-22 17:23:56.820	[34mINFO[0m	gormx/gmicro_logger.go:101	/root/repos/github.com/WeiXinao/daily_your_go/app/order/srv/internel/data/v1/db/shop_cart.go:105
[1.291ms] [rows:1] SELECT count(*) FROM `shoppingcart` WHERE user = 1 AND checked = true AND `shoppingcart`.`deleted_at` IS NULL
2025-06-22 17:23:59.838	[31mERROR[0m	v1/order.go:99	æ–°å»ºè®¢å•å¤±è´¥: An internal server error occurred
2025-06-22 17:25:54.789	[34mINFO[0m	discovery/resolver.go:81	[resolver] update instances: [{"id":"d872fe54-4f44-11f0-8854-98fa9b935ca7","name":"daily-your-go-goods-srv","version":"","metadata":null,"endpoints":["grpc://192.168.5.52:8017"]}]
2025-06-22 17:25:54.811	[34mINFO[0m	app/app.go:102	start server
2025-06-22 17:25:54.811	[34mINFO[0m	rpcserver/server.go:177	[grpc] server listening on: 192.168.5.52:8019
2025-06-22 17:26:05.167	[34mINFO[0m	gormx/gmicro_logger.go:101	/root/repos/github.com/WeiXinao/daily_your_go/app/order/srv/internel/data/v1/db/shop_cart.go:105
[9.409ms] [rows:3] SELECT * FROM `shoppingcart` WHERE user = 1 AND checked = true AND `shoppingcart`.`deleted_at` IS NULL
2025-06-22 17:26:05.168	[34mINFO[0m	gormx/gmicro_logger.go:101	/root/repos/github.com/WeiXinao/daily_your_go/app/order/srv/internel/data/v1/db/shop_cart.go:105
[1.040ms] [rows:1] SELECT count(*) FROM `shoppingcart` WHERE user = 1 AND checked = true AND `shoppingcart`.`deleted_at` IS NULL
2025-06-22 17:27:04.852	[31mERROR[0m	v1/order.go:99	æ–°å»ºè®¢å•å¤±è´¥: An internal server error occurred
2025-06-22 17:27:38.927	[34mINFO[0m	discovery/resolver.go:81	[resolver] update instances: [{"id":"d872fe54-4f44-11f0-8854-98fa9b935ca7","name":"daily-your-go-goods-srv","version":"","metadata":null,"endpoints":["grpc://192.168.5.52:8017"]}]
2025-06-22 17:27:38.948	[34mINFO[0m	app/app.go:102	start server
2025-06-22 17:27:38.948	[34mINFO[0m	rpcserver/server.go:177	[grpc] server listening on: 192.168.5.52:8019
2025-06-22 17:33:40.871	[34mINFO[0m	discovery/resolver.go:81	[resolver] update instances: [{"id":"d872fe54-4f44-11f0-8854-98fa9b935ca7","name":"daily-your-go-goods-srv","version":"","metadata":null,"endpoints":["grpc://192.168.5.52:8017"]}]
2025-06-22 17:33:40.895	[34mINFO[0m	app/app.go:102	start server
2025-06-22 17:33:40.895	[34mINFO[0m	rpcserver/server.go:177	[grpc] server listening on: 192.168.5.52:8019
2025-06-22 17:33:56.736	[34mINFO[0m	gormx/gmicro_logger.go:101	/root/repos/github.com/WeiXinao/daily_your_go/app/order/srv/internel/data/v1/db/shop_cart.go:105
[4.336ms] [rows:3] SELECT * FROM `shoppingcart` WHERE user = 1 AND checked = true AND `shoppingcart`.`deleted_at` IS NULL
2025-06-22 17:33:56.738	[34mINFO[0m	gormx/gmicro_logger.go:101	/root/repos/github.com/WeiXinao/daily_your_go/app/order/srv/internel/data/v1/db/shop_cart.go:105
[1.222ms] [rows:1] SELECT count(*) FROM `shoppingcart` WHERE user = 1 AND checked = true AND `shoppingcart`.`deleted_at` IS NULL
2025-06-22 17:33:59.753	[31mERROR[0m	v1/order.go:99	æ–°å»ºè®¢å•å¤±è´¥: An internal server error occurred
2025-06-22 17:40:49.922	[34mINFO[0m	gormx/gmicro_logger.go:101	/root/repos/github.com/WeiXinao/daily_your_go/app/order/srv/internel/data/v1/db/shop_cart.go:105
[4.336ms] [rows:3] SELECT * FROM `shoppingcart` WHERE user = 1 AND checked = true AND `shoppingcart`.`deleted_at` IS NULL
2025-06-22 17:40:49.925	[34mINFO[0m	gormx/gmicro_logger.go:101	/root/repos/github.com/WeiXinao/daily_your_go/app/order/srv/internel/data/v1/db/shop_cart.go:105
[1.887ms] [rows:1] SELECT count(*) FROM `shoppingcart` WHERE user = 1 AND checked = true AND `shoppingcart`.`deleted_at` IS NULL
2025-06-22 17:40:52.938	[31mERROR[0m	v1/order.go:99	æ–°å»ºè®¢å•å¤±è´¥: An internal server error occurred
2025-06-22 17:53:07.211	[34mINFO[0m	discovery/resolver.go:81	[resolver] update instances: [{"id":"c4a4adab-4f4c-11f0-a514-98fa9b935ca7","name":"daily-your-go-inventory-srv","version":"","metadata":null,"endpoints":["grpc://192.168.5.52:8018"]}]
2025-06-22 17:53:07.231	[34mINFO[0m	app/app.go:102	start server
2025-06-22 17:53:07.231	[34mINFO[0m	rpcserver/server.go:177	[grpc] server listening on: 192.168.5.52:8019
2025-06-22 17:53:23.560	[34mINFO[0m	gormx/gmicro_logger.go:101	/root/repos/github.com/WeiXinao/daily_your_go/app/order/srv/internel/data/v1/db/shop_cart.go:105
[5.649ms] [rows:3] SELECT * FROM `shoppingcart` WHERE user = 1 AND checked = true AND `shoppingcart`.`deleted_at` IS NULL
2025-06-22 17:53:23.561	[34mINFO[0m	gormx/gmicro_logger.go:101	/root/repos/github.com/WeiXinao/daily_your_go/app/order/srv/internel/data/v1/db/shop_cart.go:105
[1.381ms] [rows:1] SELECT count(*) FROM `shoppingcart` WHERE user = 1 AND checked = true AND `shoppingcart`.`deleted_at` IS NULL
2025-06-22 17:53:26.588	[31mERROR[0m	v1/order.go:99	æ–°å»ºè®¢å•å¤±è´¥: An internal server error occurred
2025-06-22 17:54:34.584	[34mINFO[0m	gormx/gmicro_logger.go:101	/root/repos/github.com/WeiXinao/daily_your_go/app/order/srv/internel/data/v1/db/shop_cart.go:105
[4.808ms] [rows:3] SELECT * FROM `shoppingcart` WHERE user = 1 AND checked = true AND `shoppingcart`.`deleted_at` IS NULL
2025-06-22 17:54:34.586	[34mINFO[0m	gormx/gmicro_logger.go:101	/root/repos/github.com/WeiXinao/daily_your_go/app/order/srv/internel/data/v1/db/shop_cart.go:105
[1.618ms] [rows:1] SELECT count(*) FROM `shoppingcart` WHERE user = 1 AND checked = true AND `shoppingcart`.`deleted_at` IS NULL
2025-06-22 17:54:37.600	[31mERROR[0m	v1/order.go:99	æ–°å»ºè®¢å•å¤±è´¥: An internal server error occurred
2025-06-22 17:55:47.423	[31mERROR[0m	v1/order.go:66	æ‰¹é‡è·å–å•†å“ä¿¡æ¯å¤±è´¥ï¼ŒgoodsIds: [421 422 423], err: %!w(*status.Error=&{0xc00013cde8})
2025-06-22 17:55:58.050	[31mERROR[0m	v1/order.go:66	æ‰¹é‡è·å–å•†å“ä¿¡æ¯å¤±è´¥ï¼ŒgoodsIds: [421 422 423], err: %!w(*status.Error=&{0xc00013cde8})
2025-06-22 17:56:08.579	[31mERROR[0m	v1/order.go:66	æ‰¹é‡è·å–å•†å“ä¿¡æ¯å¤±è´¥ï¼ŒgoodsIds: [421 422 423], err: %!w(*status.Error=&{0xc00013cde8})
2025-06-22 17:56:19.452	[31mERROR[0m	v1/order.go:66	æ‰¹é‡è·å–å•†å“ä¿¡æ¯å¤±è´¥ï¼ŒgoodsIds: [421 422 423], err: %!w(*status.Error=&{0xc00013cde8})
2025-06-22 17:56:49.897	[31mERROR[0m	v1/order.go:66	æ‰¹é‡è·å–å•†å“ä¿¡æ¯å¤±è´¥ï¼ŒgoodsIds: [421 422 423], err: %!w(*status.Error=&{0xc00013cde8})
2025-06-22 17:57:00.671	[31mERROR[0m	v1/order.go:66	æ‰¹é‡è·å–å•†å“ä¿¡æ¯å¤±è´¥ï¼ŒgoodsIds: [421 422 423], err: %!w(*status.Error=&{0xc00013cde8})
2025-06-22 17:57:31.494	[34mINFO[0m	gormx/gmicro_logger.go:101	/root/repos/github.com/WeiXinao/daily_your_go/app/order/srv/internel/data/v1/db/shop_cart.go:105
[13.973ms] [rows:3] SELECT * FROM `shoppingcart` WHERE user = 1 AND checked = true AND `shoppingcart`.`deleted_at` IS NULL
2025-06-22 17:57:31.496	[34mINFO[0m	gormx/gmicro_logger.go:101	/root/repos/github.com/WeiXinao/daily_your_go/app/order/srv/internel/data/v1/db/shop_cart.go:105
[1.396ms] [rows:1] SELECT count(*) FROM `shoppingcart` WHERE user = 1 AND checked = true AND `shoppingcart`.`deleted_at` IS NULL
2025-06-22 17:57:31.545	[31mERROR[0m	v1/order.go:66	æ‰¹é‡è·å–å•†å“ä¿¡æ¯å¤±è´¥ï¼ŒgoodsIds: [421 422 423], err: %!w(*status.Error=&{0xc00013cde8})
2025-06-22 17:57:31.550	[31mERROR[0m	v1/order.go:99	æ–°å»ºè®¢å•å¤±è´¥: An internal server error occurred
2025-06-22 17:57:53.532	[31mERROR[0m	v1/order.go:66	æ‰¹é‡è·å–å•†å“ä¿¡æ¯å¤±è´¥ï¼ŒgoodsIds: [421 422 423], err: %!w(*status.Error=&{0xc00013cde8})
2025-06-22 17:58:11.581	[31mERROR[0m	v1/order.go:66	æ‰¹é‡è·å–å•†å“ä¿¡æ¯å¤±è´¥ï¼ŒgoodsIds: [421 422 423], err: %!w(*status.Error=&{0xc00013cde8})
2025-06-22 17:58:21.788	[31mERROR[0m	v1/order.go:66	æ‰¹é‡è·å–å•†å“ä¿¡æ¯å¤±è´¥ï¼ŒgoodsIds: [421 422 423], err: %!w(*status.Error=&{0xc00013cde8})
2025-06-22 17:58:34.725	[31mERROR[0m	v1/order.go:66	æ‰¹é‡è·å–å•†å“ä¿¡æ¯å¤±è´¥ï¼ŒgoodsIds: [421 422 423], err: %!w(*status.Error=&{0xc00013cde8})
2025-06-22 17:59:56.425	[31mERROR[0m	v1/order.go:66	æ‰¹é‡è·å–å•†å“ä¿¡æ¯å¤±è´¥ï¼ŒgoodsIds: [421 422 423], err: %!w(*status.Error=&{0xc00013cde8})
2025-06-22 18:00:52.184	[31mERROR[0m	v1/order.go:66	æ‰¹é‡è·å–å•†å“ä¿¡æ¯å¤±è´¥ï¼ŒgoodsIds: [421 422 423], err: %!w(*status.Error=&{0xc00013cde8})
2025-06-22 18:01:02.904	[31mERROR[0m	v1/order.go:66	æ‰¹é‡è·å–å•†å“ä¿¡æ¯å¤±è´¥ï¼ŒgoodsIds: [421 422 423], err: %!w(*status.Error=&{0xc00013cde8})
2025-06-22 18:02:17.992	[31mERROR[0m	v1/order.go:66	æ‰¹é‡è·å–å•†å“ä¿¡æ¯å¤±è´¥ï¼ŒgoodsIds: [], err: %!w(*status.Error=&{0xc00013cde8})
2025-06-22 18:02:38.923	[31mERROR[0m	v1/order.go:66	æ‰¹é‡è·å–å•†å“ä¿¡æ¯å¤±è´¥ï¼ŒgoodsIds: [421 422 423], err: %!w(*status.Error=&{0xc00013cde8})
2025-06-22 18:02:38.931	[31mERROR[0m	v1/order.go:66	æ‰¹é‡è·å–å•†å“ä¿¡æ¯å¤±è´¥ï¼ŒgoodsIds: [], err: %!w(*status.Error=&{0xc00013cde8})
2025-06-22 18:03:20.362	[31mERROR[0m	v1/order.go:66	æ‰¹é‡è·å–å•†å“ä¿¡æ¯å¤±è´¥ï¼ŒgoodsIds: [], err: %!w(*status.Error=&{0xc00013cde8})
2025-06-22 18:04:41.358	[31mERROR[0m	v1/order.go:66	æ‰¹é‡è·å–å•†å“ä¿¡æ¯å¤±è´¥ï¼ŒgoodsIds: [], err: %!w(*status.Error=&{0xc00013cde8})
2025-06-22 18:04:44.357	[31mERROR[0m	v1/order.go:66	æ‰¹é‡è·å–å•†å“ä¿¡æ¯å¤±è´¥ï¼ŒgoodsIds: [], err: %!w(*status.Error=&{0xc00013cde8})
2025-06-22 18:05:07.341	[31mERROR[0m	v1/order.go:66	æ‰¹é‡è·å–å•†å“ä¿¡æ¯å¤±è´¥ï¼ŒgoodsIds: [], err: %!w(*status.Error=&{0xc00013cde8})
2025-06-22 18:05:49.739	[31mERROR[0m	v1/order.go:66	æ‰¹é‡è·å–å•†å“ä¿¡æ¯å¤±è´¥ï¼ŒgoodsIds: [], err: %!w(*status.Error=&{0xc00013cde8})
2025-06-22 18:06:14.850	[31mERROR[0m	v1/order.go:66	æ‰¹é‡è·å–å•†å“ä¿¡æ¯å¤±è´¥ï¼ŒgoodsIds: [421 422 423], err: %!w(*status.Error=&{0xc00013cde8})
2025-06-22 18:06:24.929	[31mERROR[0m	v1/order.go:66	æ‰¹é‡è·å–å•†å“ä¿¡æ¯å¤±è´¥ï¼ŒgoodsIds: [421 422 423], err: %!w(*status.Error=&{0xc00013cde8})
2025-06-22 18:07:12.803	[31mERROR[0m	v1/order.go:66	æ‰¹é‡è·å–å•†å“ä¿¡æ¯å¤±è´¥ï¼ŒgoodsIds: [], err: %!w(*status.Error=&{0xc00013cde8})
2025-06-22 18:07:22.640	[31mERROR[0m	v1/order.go:66	æ‰¹é‡è·å–å•†å“ä¿¡æ¯å¤±è´¥ï¼ŒgoodsIds: [], err: %!w(*status.Error=&{0xc00013cde8})
2025-06-22 18:08:00.715	[31mERROR[0m	v1/order.go:66	æ‰¹é‡è·å–å•†å“ä¿¡æ¯å¤±è´¥ï¼ŒgoodsIds: [421 422 423], err: %!w(*status.Error=&{0xc00013cde8})
2025-06-22 18:09:54.978	[31mERROR[0m	v1/order.go:66	æ‰¹é‡è·å–å•†å“ä¿¡æ¯å¤±è´¥ï¼ŒgoodsIds: [], err: %!w(*status.Error=&{0xc00013cde8})
2025-06-22 18:12:44.705	[31mERROR[0m	v1/order.go:66	æ‰¹é‡è·å–å•†å“ä¿¡æ¯å¤±è´¥ï¼ŒgoodsIds: [], err: %!w(*status.Error=&{0xc00013cde8})
2025-06-22 18:15:15.499	[31mERROR[0m	v1/order.go:66	æ‰¹é‡è·å–å•†å“ä¿¡æ¯å¤±è´¥ï¼ŒgoodsIds: [], err: %!w(*status.Error=&{0xc00013cde8})
2025-06-22 18:16:56.407	[31mERROR[0m	v1/order.go:66	æ‰¹é‡è·å–å•†å“ä¿¡æ¯å¤±è´¥ï¼ŒgoodsIds: [421 422 423], err: %!w(*status.Error=&{0xc00013cde8})
2025-06-22 18:17:05.964	[31mERROR[0m	v1/order.go:66	æ‰¹é‡è·å–å•†å“ä¿¡æ¯å¤±è´¥ï¼ŒgoodsIds: [421 422 423], err: %!w(*status.Error=&{0xc00013cde8})
2025-06-22 18:18:42.817	[31mERROR[0m	v1/order.go:66	æ‰¹é‡è·å–å•†å“ä¿¡æ¯å¤±è´¥ï¼ŒgoodsIds: [421 422 423], err: %!w(*status.Error=&{0xc00013cde8})
2025-06-22 18:23:27.235	[31mERROR[0m	v1/order.go:66	æ‰¹é‡è·å–å•†å“ä¿¡æ¯å¤±è´¥ï¼ŒgoodsIds: [], err: %!w(*status.Error=&{0xc00013cde8})
2025-06-22 18:25:56.755	[31mERROR[0m	v1/order.go:66	æ‰¹é‡è·å–å•†å“ä¿¡æ¯å¤±è´¥ï¼ŒgoodsIds: [], err: %!w(*status.Error=&{0xc00013cde8})
2025-06-22 18:38:19.611	[31mERROR[0m	v1/order.go:66	æ‰¹é‡è·å–å•†å“ä¿¡æ¯å¤±è´¥ï¼ŒgoodsIds: [421 422 423], err: %!w(*status.Error=&{0xc00013cde8})
2025-06-22 18:38:27.447	[31mERROR[0m	v1/order.go:66	æ‰¹é‡è·å–å•†å“ä¿¡æ¯å¤±è´¥ï¼ŒgoodsIds: [421 422 423], err: %!w(*status.Error=&{0xc00013cde8})
2025-06-22 18:40:03.555	[31mERROR[0m	v1/order.go:66	æ‰¹é‡è·å–å•†å“ä¿¡æ¯å¤±è´¥ï¼ŒgoodsIds: [421 422 423], err: %!w(*status.Error=&{0xc00013cde8})
2025-06-22 18:44:50.132	[31mERROR[0m	v1/order.go:66	æ‰¹é‡è·å–å•†å“ä¿¡æ¯å¤±è´¥ï¼ŒgoodsIds: [], err: %!w(*status.Error=&{0xc00013cde8})
2025-06-22 18:47:18.300	[31mERROR[0m	v1/order.go:66	æ‰¹é‡è·å–å•†å“ä¿¡æ¯å¤±è´¥ï¼ŒgoodsIds: [], err: %!w(*status.Error=&{0xc00013cde8})
2025-06-22 19:21:01.215	[31mERROR[0m	v1/order.go:66	æ‰¹é‡è·å–å•†å“ä¿¡æ¯å¤±è´¥ï¼ŒgoodsIds: [421 422 423], err: %!w(*status.Error=&{0xc00013cde8})
2025-06-22 19:21:09.282	[31mERROR[0m	v1/order.go:66	æ‰¹é‡è·å–å•†å“ä¿¡æ¯å¤±è´¥ï¼ŒgoodsIds: [421 422 423], err: %!w(*status.Error=&{0xc00013cde8})
2025-06-22 19:22:45.925	[31mERROR[0m	v1/order.go:66	æ‰¹é‡è·å–å•†å“ä¿¡æ¯å¤±è´¥ï¼ŒgoodsIds: [421 422 423], err: %!w(*status.Error=&{0xc00013cde8})
2025-06-22 19:27:32.106	[31mERROR[0m	v1/order.go:66	æ‰¹é‡è·å–å•†å“ä¿¡æ¯å¤±è´¥ï¼ŒgoodsIds: [], err: %!w(*status.Error=&{0xc00013cde8})
2025-06-22 19:30:00.227	[31mERROR[0m	v1/order.go:66	æ‰¹é‡è·å–å•†å“ä¿¡æ¯å¤±è´¥ï¼ŒgoodsIds: [], err: %!w(*status.Error=&{0xc00013cde8})
2025-06-22 20:46:23.420	[31mERROR[0m	v1/order.go:66	æ‰¹é‡è·å–å•†å“ä¿¡æ¯å¤±è´¥ï¼ŒgoodsIds: [421 422 423], err: %!w(*status.Error=&{0xc00013cde8})
2025-06-22 20:46:31.023	[31mERROR[0m	v1/order.go:66	æ‰¹é‡è·å–å•†å“ä¿¡æ¯å¤±è´¥ï¼ŒgoodsIds: [421 422 423], err: %!w(*status.Error=&{0xc00013cde8})
2025-06-22 20:48:07.739	[31mERROR[0m	v1/order.go:66	æ‰¹é‡è·å–å•†å“ä¿¡æ¯å¤±è´¥ï¼ŒgoodsIds: [421 422 423], err: %!w(*status.Error=&{0xc00013cde8})
2025-06-22 20:52:53.085	[31mERROR[0m	v1/order.go:66	æ‰¹é‡è·å–å•†å“ä¿¡æ¯å¤±è´¥ï¼ŒgoodsIds: [], err: %!w(*status.Error=&{0xc00013cde8})
2025-06-22 20:55:22.236	[31mERROR[0m	v1/order.go:66	æ‰¹é‡è·å–å•†å“ä¿¡æ¯å¤±è´¥ï¼ŒgoodsIds: [], err: %!w(*status.Error=&{0xc00013cde8})
2025-06-22 21:13:35.666	[34mINFO[0m	discovery/resolver.go:81	[resolver] update instances: [{"id":"d3222469-4f4f-11f0-98c2-98fa9b935ca7","name":"daily-your-go-goods-srv","version":"","metadata":null,"endpoints":["grpc://192.168.5.52:8017"]}]
2025-06-22 21:13:35.668	[34mINFO[0m	discovery/resolver.go:81	[resolver] update instances: [{"id":"dc04f7a0-4f4e-11f0-badf-98fa9b935ca7","name":"daily-your-go-inventory-srv","version":"","metadata":null,"endpoints":["grpc://192.168.5.52:8018"]}]
2025-06-22 21:13:35.686	[34mINFO[0m	app/app.go:102	start server
2025-06-22 21:13:35.687	[34mINFO[0m	rpcserver/server.go:177	[grpc] server listening on: 192.168.5.52:8019
2025-06-22 21:27:23.050	[34mINFO[0m	discovery/resolver.go:81	[resolver] update instances: [{"id":"dc04f7a0-4f4e-11f0-badf-98fa9b935ca7","name":"daily-your-go-inventory-srv","version":"","metadata":null,"endpoints":["grpc://192.168.5.52:8018"]}]
2025-06-22 21:27:23.064	[34mINFO[0m	app/app.go:102	start server
2025-06-22 21:27:23.064	[34mINFO[0m	rpcserver/server.go:177	[grpc] server listening on: 192.168.5.52:8019
2025-06-22 21:28:09.891	[34mINFO[0m	discovery/resolver.go:81	[resolver] update instances: [{"id":"dc04f7a0-4f4e-11f0-badf-98fa9b935ca7","name":"daily-your-go-inventory-srv","version":"","metadata":null,"endpoints":["grpc://192.168.5.52:8018"]}]
2025-06-22 21:28:09.910	[34mINFO[0m	app/app.go:102	start server
2025-06-22 21:28:09.910	[34mINFO[0m	rpcserver/server.go:177	[grpc] server listening on: 192.168.5.52:8019
2025-06-22 21:28:16.229	[34mINFO[0m	gormx/gmicro_logger.go:101	/root/repos/github.com/WeiXinao/daily_your_go/app/order/srv/internel/data/v1/db/shop_cart.go:105
[13.209ms] [rows:3] SELECT * FROM `shoppingcart` WHERE user = 1 AND checked = true AND `shoppingcart`.`deleted_at` IS NULL
2025-06-22 21:28:16.233	[34mINFO[0m	gormx/gmicro_logger.go:101	/root/repos/github.com/WeiXinao/daily_your_go/app/order/srv/internel/data/v1/db/shop_cart.go:105
[3.538ms] [rows:1] SELECT count(*) FROM `shoppingcart` WHERE user = 1 AND checked = true AND `shoppingcart`.`deleted_at` IS NULL
2025-06-22 21:28:16.415	[31mERROR[0m	v1/order.go:66	æ‰¹é‡è·å–å•†å“ä¿¡æ¯å¤±è´¥ï¼ŒgoodsIds: [421 422 423], err: rpc error: code = Canceled desc = grpc: the client connection is closing
2025-06-22 21:28:16.424	[31mERROR[0m	v1/order.go:99	æ–°å»ºè®¢å•å¤±è´¥: An internal server error occurred
2025-06-22 21:28:38.751	[31mERROR[0m	v1/order.go:66	æ‰¹é‡è·å–å•†å“ä¿¡æ¯å¤±è´¥ï¼ŒgoodsIds: [421 422 423], err: rpc error: code = Canceled desc = grpc: the client connection is closing
2025-06-22 21:29:19.676	[31mERROR[0m	v1/order.go:66	æ‰¹é‡è·å–å•†å“ä¿¡æ¯å¤±è´¥ï¼ŒgoodsIds: [421 422 423], err: rpc error: code = Canceled desc = grpc: the client connection is closing
2025-06-22 21:29:28.207	[34mINFO[0m	discovery/resolver.go:81	[resolver] update instances: [{"id":"99f2e2e5-4f6c-11f0-94ec-98fa9b935ca7","name":"daily-your-go-goods-srv","version":"","metadata":null,"endpoints":["grpc://192.168.5.52:8017"]}]
2025-06-22 21:29:28.209	[34mINFO[0m	discovery/resolver.go:81	[resolver] update instances: [{"id":"dc04f7a0-4f4e-11f0-badf-98fa9b935ca7","name":"daily-your-go-inventory-srv","version":"","metadata":null,"endpoints":["grpc://192.168.5.52:8018"]}]
2025-06-22 21:29:28.221	[34mINFO[0m	app/app.go:102	start server
2025-06-22 21:29:28.221	[34mINFO[0m	rpcserver/server.go:177	[grpc] server listening on: 192.168.5.52:8019
2025-06-22 21:29:52.173	[34mINFO[0m	discovery/resolver.go:81	[resolver] update instances: [{"id":"f5b9f82c-4f6c-11f0-a33b-98fa9b935ca7","name":"daily-your-go-goods-srv","version":"","metadata":null,"endpoints":["grpc://192.168.5.52:8017"]}]
2025-06-22 21:30:30.806	[34mINFO[0m	gormx/gmicro_logger.go:101	/root/repos/github.com/WeiXinao/daily_your_go/app/order/srv/internel/data/v1/db/shop_cart.go:105
[8.083ms] [rows:3] SELECT * FROM `shoppingcart` WHERE user = 1 AND checked = true AND `shoppingcart`.`deleted_at` IS NULL
2025-06-22 21:30:30.809	[34mINFO[0m	gormx/gmicro_logger.go:101	/root/repos/github.com/WeiXinao/daily_your_go/app/order/srv/internel/data/v1/db/shop_cart.go:105
[2.256ms] [rows:1] SELECT count(*) FROM `shoppingcart` WHERE user = 1 AND checked = true AND `shoppingcart`.`deleted_at` IS NULL
2025-06-22 21:30:31.022	[34mINFO[0m	gormx/gmicro_logger.go:101	/root/repos/github.com/WeiXinao/daily_your_go/app/order/srv/internel/data/v1/db/order.go:26
[15.342ms] [rows:3] INSERT INTO `ordergoods` (`add_time`,`update_time`,`deleted_at`,`order`,`goods`,`goods_name`,`goods_image`,`goods_price`,`nums`) VALUES ('2025-06-22 21:30:31.008','2025-06-22 21:30:31.008',NULL,25,421,'çƒŸå°çº¢å¯Œå£«è‹¹æœ12ä¸ª å‡€é‡2.6kgä»¥ä¸Š å•æœ190-240g æ–°ç”Ÿé²œæ°´æœ','https://py-go.oss-cn-beijing.aliyuncs.com/goods_images/df392d01993cdab9de740fe17798bda1',44.9,5),('2025-06-22 21:30:31.008','2025-06-22 21:30:31.008',NULL,25,422,'è¥¿å·èœœç“œ25å·å“ˆå¯†ç“œ 2ç²’è£… å•æœ1.25kgä»¥ä¸Š æ–°é²œæ°´æœ','https://py-go.oss-cn-beijing.aliyuncs.com/goods_images/c3dee23a62efe14bbd4fc2c70046dc73',36.9,11),('2025-06-22 21:30:31.008','2025-06-22 21:30:31.008',NULL,25,423,'è¶Šå—è¿›å£çº¢å¿ƒç«é¾™æœ 4ä¸ªè£… çº¢è‚‰ä¸­æœ å•æœçº¦330-420g æ–°é²œæ°´æœ','https://py-go.oss-cn-beijing.aliyuncs.com/goods_images/b39672c6abebe124b982250642cb9a0f',27.9,5) ON DUPLICATE KEY UPDATE `order`=VALUES(`order`)
2025-06-22 21:30:31.023	[34mINFO[0m	gormx/gmicro_logger.go:101	/root/repos/github.com/WeiXinao/daily_your_go/app/order/srv/internel/data/v1/db/order.go:26
[22.958ms] [rows:1] INSERT INTO `orderinfo` (`add_time`,`update_time`,`deleted_at`,`user`,`order_sn`,`pay_type`,`status`,`trade_no`,`order_mount`,`pay_time`,`address`,`signer_name`,`singer_mobile`,`post`) VALUES ('2025-06-22 21:30:31.001','2025-06-22 21:30:31.001',NULL,1,'20256222130794854410151','','','',769.9,NULL,'æ…•è¯¾ç½‘','å°æ–°','18787878787','è¯·å°½å¿«å‘è´§')
2025-06-22 21:30:31.029	[34mINFO[0m	gormx/gmicro_logger.go:101	/root/repos/github.com/WeiXinao/daily_your_go/app/order/srv/internel/data/v1/db/shop_cart.go:28
[5.943ms] [rows:3] UPDATE `shoppingcart` SET `deleted_at`='2025-06-22 21:30:31.023' WHERE (user = 1 AND goods in (421,422,423)) AND `shoppingcart`.`deleted_at` IS NULL
2025-06-22 21:30:41.746	[34mINFO[0m	gormx/gmicro_logger.go:101	/root/repos/github.com/WeiXinao/daily_your_go/app/order/srv/internel/data/v1/db/order.go:26
[2.943ms] [rows:3] INSERT INTO `ordergoods` (`add_time`,`update_time`,`deleted_at`,`order`,`goods`,`goods_name`,`goods_image`,`goods_price`,`nums`) VALUES ('2025-06-22 21:30:41.744','2025-06-22 21:30:41.744',NULL,26,421,'çƒŸå°çº¢å¯Œå£«è‹¹æœ12ä¸ª å‡€é‡2.6kgä»¥ä¸Š å•æœ190-240g æ–°ç”Ÿé²œæ°´æœ','https://py-go.oss-cn-beijing.aliyuncs.com/goods_images/df392d01993cdab9de740fe17798bda1',44.9,5),('2025-06-22 21:30:41.744','2025-06-22 21:30:41.744',NULL,26,422,'è¥¿å·èœœç“œ25å·å“ˆå¯†ç“œ 2ç²’è£… å•æœ1.25kgä»¥ä¸Š æ–°é²œæ°´æœ','https://py-go.oss-cn-beijing.aliyuncs.com/goods_images/c3dee23a62efe14bbd4fc2c70046dc73',36.9,11),('2025-06-22 21:30:41.744','2025-06-22 21:30:41.744',NULL,26,423,'è¶Šå—è¿›å£çº¢å¿ƒç«é¾™æœ 4ä¸ªè£… çº¢è‚‰ä¸­æœ å•æœçº¦330-420g æ–°é²œæ°´æœ','https://py-go.oss-cn-beijing.aliyuncs.com/goods_images/b39672c6abebe124b982250642cb9a0f',27.9,5) ON DUPLICATE KEY UPDATE `order`=VALUES(`order`)
2025-06-22 21:30:41.747	[34mINFO[0m	gormx/gmicro_logger.go:101	/root/repos/github.com/WeiXinao/daily_your_go/app/order/srv/internel/data/v1/db/order.go:26
[6.376ms] [rows:1] INSERT INTO `orderinfo` (`add_time`,`update_time`,`deleted_at`,`user`,`order_sn`,`pay_type`,`status`,`trade_no`,`order_mount`,`pay_time`,`address`,`signer_name`,`singer_mobile`,`post`) VALUES ('2025-06-22 21:30:41.741','2025-06-22 21:30:41.741',NULL,1,'20256222128208826906168','','','',769.9,NULL,'æ…•è¯¾ç½‘','å°æ–°','18787878787','è¯·å°½å¿«å‘è´§')
2025-06-22 21:30:41.749	[34mINFO[0m	gormx/gmicro_logger.go:101	/root/repos/github.com/WeiXinao/daily_your_go/app/order/srv/internel/data/v1/db/shop_cart.go:28
[2.634ms] [rows:0] UPDATE `shoppingcart` SET `deleted_at`='2025-06-22 21:30:41.747' WHERE (user = 1 AND goods in (421,422,423)) AND `shoppingcart`.`deleted_at` IS NULL
2025-06-22 21:36:47.366	[34mINFO[0m	discovery/resolver.go:81	[resolver] update instances: [{"id":"ec381967-4f6d-11f0-944d-98fa9b935ca7","name":"daily-your-go-goods-srv","version":"","metadata":null,"endpoints":["grpc://192.168.5.52:8017"]}]
2025-06-22 21:45:28.024	[34mINFO[0m	gormx/gmicro_logger.go:101	/root/repos/github.com/WeiXinao/daily_your_go/app/order/srv/internel/data/v1/db/shop_cart.go:105
[14.487ms] [rows:0] SELECT * FROM `shoppingcart` WHERE user = 1 AND checked = true AND `shoppingcart`.`deleted_at` IS NULL
2025-06-22 21:45:28.027	[34mINFO[0m	gormx/gmicro_logger.go:101	/root/repos/github.com/WeiXinao/daily_your_go/app/order/srv/internel/data/v1/db/shop_cart.go:105
[1.982ms] [rows:1] SELECT count(*) FROM `shoppingcart` WHERE user = 1 AND checked = true AND `shoppingcart`.`deleted_at` IS NULL
2025-06-22 21:45:28.027	[31mERROR[0m	v1/order.go:142	è´­ç‰©è½¦ä¸­æ²¡æœ‰å•†å“ï¼Œæ— æ³•ä¸‹å•
2025-06-22 21:45:28.029	[31mERROR[0m	v1/order.go:99	æ–°å»ºè®¢å•å¤±è´¥: An internal server error occurred
2025-06-22 21:46:19.791	[34mINFO[0m	gormx/gmicro_logger.go:101	/root/repos/github.com/WeiXinao/daily_your_go/app/order/srv/internel/data/v1/db/shop_cart.go:105
[5.513ms] [rows:3] SELECT * FROM `shoppingcart` WHERE user = 1 AND checked = true AND `shoppingcart`.`deleted_at` IS NULL
2025-06-22 21:46:19.793	[34mINFO[0m	gormx/gmicro_logger.go:101	/root/repos/github.com/WeiXinao/daily_your_go/app/order/srv/internel/data/v1/db/shop_cart.go:105
[1.803ms] [rows:1] SELECT count(*) FROM `shoppingcart` WHERE user = 1 AND checked = true AND `shoppingcart`.`deleted_at` IS NULL
2025-06-22 21:46:19.917	[34mINFO[0m	gormx/gmicro_logger.go:101	/root/repos/github.com/WeiXinao/daily_your_go/app/order/srv/internel/data/v1/db/order.go:26
[3.355ms] [rows:3] INSERT INTO `ordergoods` (`add_time`,`update_time`,`deleted_at`,`order`,`goods`,`goods_name`,`goods_image`,`goods_price`,`nums`) VALUES ('2025-06-22 21:46:19.913','2025-06-22 21:46:19.913',NULL,27,421,'çƒŸå°çº¢å¯Œå£«è‹¹æœ12ä¸ª å‡€é‡2.6kgä»¥ä¸Š å•æœ190-240g æ–°ç”Ÿé²œæ°´æœ','https://py-go.oss-cn-beijing.aliyuncs.com/goods_images/df392d01993cdab9de740fe17798bda1',44.9,5),('2025-06-22 21:46:19.913','2025-06-22 21:46:19.913',NULL,27,422,'è¥¿å·èœœç“œ25å·å“ˆå¯†ç“œ 2ç²’è£… å•æœ1.25kgä»¥ä¸Š æ–°é²œæ°´æœ','https://py-go.oss-cn-beijing.aliyuncs.com/goods_images/c3dee23a62efe14bbd4fc2c70046dc73',36.9,11),('2025-06-22 21:46:19.913','2025-06-22 21:46:19.913',NULL,27,423,'è¶Šå—è¿›å£çº¢å¿ƒç«é¾™æœ 4ä¸ªè£… çº¢è‚‰ä¸­æœ å•æœçº¦330-420g æ–°é²œæ°´æœ','https://py-go.oss-cn-beijing.aliyuncs.com/goods_images/b39672c6abebe124b982250642cb9a0f',27.9,5) ON DUPLICATE KEY UPDATE `order`=VALUES(`order`)
2025-06-22 21:46:19.918	[34mINFO[0m	gormx/gmicro_logger.go:101	/root/repos/github.com/WeiXinao/daily_your_go/app/order/srv/internel/data/v1/db/order.go:26
[9.208ms] [rows:1] INSERT INTO `orderinfo` (`add_time`,`update_time`,`deleted_at`,`user`,`order_sn`,`pay_type`,`status`,`trade_no`,`order_mount`,`pay_time`,`address`,`signer_name`,`singer_mobile`,`post`) VALUES ('2025-06-22 21:46:19.908','2025-06-22 21:46:19.908',NULL,1,'20256222146783357224169','','','',769.9,NULL,'æ…•è¯¾ç½‘','å°æ–°','18787878787','è¯·å°½å¿«å‘è´§')
2025-06-22 21:46:19.921	[34mINFO[0m	gormx/gmicro_logger.go:101	/root/repos/github.com/WeiXinao/daily_your_go/app/order/srv/internel/data/v1/db/shop_cart.go:28
[3.004ms] [rows:3] UPDATE `shoppingcart` SET `deleted_at`='2025-06-22 21:46:19.919' WHERE (user = 1 AND goods in (421,422,423)) AND `shoppingcart`.`deleted_at` IS NULL
2025-06-22 22:06:05.409	[34mINFO[0m	discovery/resolver.go:81	[resolver] update instances: [{"id":"ec381967-4f6d-11f0-944d-98fa9b935ca7","name":"daily-your-go-goods-srv","version":"","metadata":null,"endpoints":["grpc://192.168.5.52:8017"]}]
2025-06-22 22:06:05.412	[34mINFO[0m	discovery/resolver.go:81	[resolver] update instances: [{"id":"dc04f7a0-4f4e-11f0-badf-98fa9b935ca7","name":"daily-your-go-inventory-srv","version":"","metadata":null,"endpoints":["grpc://192.168.5.52:8018"]}]
2025-06-22 22:06:05.425	[34mINFO[0m	app/app.go:102	start server
2025-06-22 22:06:05.426	[34mINFO[0m	rpcserver/server.go:177	[grpc] server listening on: 192.168.5.52:8019
2025-06-22 22:06:27.570	[34mINFO[0m	gormx/gmicro_logger.go:101	/root/repos/github.com/WeiXinao/daily_your_go/app/order/srv/internel/data/v1/db/shop_cart.go:105
[10.178ms] [rows:3] SELECT * FROM `shoppingcart` WHERE user = 1 AND checked = true AND `shoppingcart`.`deleted_at` IS NULL
2025-06-22 22:06:27.572	[34mINFO[0m	gormx/gmicro_logger.go:101	/root/repos/github.com/WeiXinao/daily_your_go/app/order/srv/internel/data/v1/db/shop_cart.go:105
[1.818ms] [rows:1] SELECT count(*) FROM `shoppingcart` WHERE user = 1 AND checked = true AND `shoppingcart`.`deleted_at` IS NULL
2025-06-22 22:06:27.803	[31mERROR[0m	v1/order.go:99	æ–°å»ºè®¢å•å¤±è´¥: An internal server error occurred
